MPASM 5.87                        DWUFAZ.ASM   11-13-2021  19:13:30         PAGE  1


LOC  OBJECT CODE     LINE SOURCE TEXT
  VALUE

                      00001 ; TODO INSERT CONFIG CODE HERE USING CONFIG BITS GENERATOR
                      00002 ; Assembly source line config statements
                      00003 
                      00004 #include "p16f877a.inc"
                      00001         LIST
                      00002 
                      00003 ;==========================================================================
                      00004 ; Build date : Jan 06 2020
                      00005 ;  MPASM PIC16F877A processor include
                      00006 ; 
                      00007 ;  (c) Copyright 1999-2020 Microchip Technology, All rights reserved
                      00008 ;==========================================================================
                      00009 
                      00567         LIST
                      00005 
                      00006 ; CONFIG
                      00007 ; __config 0x3FFB
2007   3FFB           00008  __CONFIG _FOSC_EXTRC & _WDTE_OFF & _PWRTE_OFF & _BOREN_ON & _LVP_ON & _CPD_OFF & _WRT_OFF & _CP_OFF
                      00009 RES_VECT  CODE    0x0000            ; processor reset vector
0000   2???           00010     GOTO    START                   ; go to beginning of program
                      00011 
                      00012 ; TODO ADD INTERRUPTS HERE IF USED
                      00013 
                      00014 MAIN_PROG CODE                      ; let linker place main program
                      00015  
                      00016 
0000                  00017 START
0000   1303           00018  bcf STATUS, RP1
0001   1683           00019  bsf STATUS, RP0
                      00020  
Message[302]: Register in operand not in bank 0.  Ensure that bank bits are correct.
0002   0187           00021  clrf TRISC
Message[302]: Register in operand not in bank 0.  Ensure that bank bits are correct.
0003   1687           00022  bsf TRISC, 5
Message[302]: Register in operand not in bank 0.  Ensure that bank bits are correct.
0004   1707           00023  bsf TRISC, 6
Message[302]: Register in operand not in bank 0.  Ensure that bank bits are correct.
0005   1787           00024  bsf TRISC, 7
                      00025  
Message[302]: Register in operand not in bank 0.  Ensure that bank bits are correct.
0006   0185           00026  clrf TRISA
                      00027   
0007   1303           00028  bcf STATUS, RP1
0008   1283           00029  bcf STATUS, RP0
                      00030  
                      00031 ; clrf PORTC
                      00032  
0009   0185           00033  clrf PORTA
000A   1405           00034  bsf PORTA, 0
                      00035  
                      00036 ; clrf PORTC
                      00037  
Warning[207]: Found label after column 1. (PETLA_GLOWNA)
MPASM 5.87                        DWUFAZ.ASM   11-13-2021  19:13:30         PAGE  2


LOC  OBJECT CODE     LINE SOURCE TEXT
  VALUE

000B                  00038  PETLA_GLOWNA
                      00039 ; btfsc PORTC, 5
                      00040 ; btfsc PORTC, 6
                      00041 ; call ZMIANA_PREDKOSCI
000B   1B87           00042  btfsc PORTC, 7
000C   2???           00043  goto ZMIANA_PREDKOSCI
000D   1A87           00044  btfsc PORTC, 5
000E   2???           00045  call KREC_W_LEWO
000F   1B07           00046  btfsc PORTC, 6
0010   2???           00047  call KREC_W_PRAWO
                      00048 ; clrf PORTC 
0011   2???           00049  goto PETLA_GLOWNA
                      00050 
                      00051  
Warning[207]: Found label after column 1. (KREC_W_LEWO)
0012                  00052  KREC_W_LEWO
0012   1187           00053  bcf PORTC, 3
0013   1207           00054  bcf PORTC, 4
0014   1487           00055  bsf PORTC, 1
0015   1507           00056  bsf PORTC, 2
0016   2???           00057  call przerywnik
0017   1087           00058  bcf PORTC, 1
0018   1207           00059  bcf PORTC, 4
0019   1507           00060  bsf PORTC, 2
001A   1587           00061  bsf PORTC, 3
001B   2???           00062  call przerywnik
001C   1087           00063  bcf PORTC, 1
001D   1107           00064  bcf PORTC, 2
001E   1587           00065  bsf PORTC, 3
001F   1607           00066  bsf PORTC, 4
0020   2???           00067  call przerywnik
0021   1107           00068  bcf PORTC, 2
0022   1187           00069  bcf PORTC, 3
0023   1487           00070  bsf PORTC, 1
0024   1607           00071  bsf PORTC, 4
0025   2???           00072  call przerywnik
0026   0008           00073  return
                      00074  
Warning[207]: Found label after column 1. (KREC_W_PRAWO)
0027                  00075  KREC_W_PRAWO
0027   1107           00076  bcf PORTC, 2
0028   1087           00077  bcf PORTC, 1
0029   1607           00078  bsf PORTC, 4
002A   1587           00079  bsf PORTC, 3
002B   2???           00080  call przerywnik
002C   1087           00081  bcf PORTC, 1
002D   1207           00082  bcf PORTC, 4
002E   1587           00083  bsf PORTC, 3
002F   1507           00084  bsf PORTC, 2
0030   2???           00085  call przerywnik
0031   1207           00086  bcf PORTC, 4
0032   1187           00087  bcf PORTC, 3
0033   1507           00088  bsf PORTC, 2
MPASM 5.87                        DWUFAZ.ASM   11-13-2021  19:13:30         PAGE  3


LOC  OBJECT CODE     LINE SOURCE TEXT
  VALUE

0034   1487           00089  bsf PORTC, 1
0035   2???           00090  call przerywnik
0036   1187           00091  bcf PORTC, 3
0037   1107           00092  bcf PORTC, 2
0038   1487           00093  bsf PORTC, 1
0039   1607           00094  bsf PORTC, 4
003A   2???           00095  call przerywnik
003B   0008           00096  return
                      00097  
                      00098  
Warning[207]: Found label after column 1. (ZMIANA_PREDKOSCI)
003C                  00099  ZMIANA_PREDKOSCI
003C   1905           00100  btfsc PORTA, 2
003D   2???           00101  goto zmiana_1
003E   1885           00102  btfsc PORTA, 1
003F   2???           00103  goto zmiana_3
0040   1805           00104  btfsc PORTA, 0
0041   2???           00105  goto zmiana_2
                      00106  
                      00107  
                      00108  
Warning[207]: Found label after column 1. (zmiana_1)
0042                  00109  zmiana_1
0042   1405           00110  bsf PORTA, 0
0043   1085           00111  bcf PORTA, 1
0044   1105           00112  bcf PORTA, 2
0045   2???           00113  goto PETLA_GLOWNA
                      00114  
Warning[207]: Found label after column 1. (zmiana_2)
0046                  00115  zmiana_2
0046   1405           00116  bsf PORTA, 0
0047   1485           00117  bsf PORTA, 1
0048   1105           00118  bcf PORTA, 2
0049   2???           00119  goto PETLA_GLOWNA
                      00120  
Warning[207]: Found label after column 1. (zmiana_3)
004A                  00121  zmiana_3
004A   1405           00122  bsf PORTA, 0
004B   1485           00123  bsf PORTA, 1
004C   1505           00124  bsf PORTA, 2
004D   2???           00125  goto PETLA_GLOWNA
                      00126  
                      00127  
                      00128  
004E                  00129 przerywnik
004E   1805           00130     btfsc PORTA, 0
004F   30FF           00131     movlw 0xff
0050   1885           00132     btfsc PORTA, 1
0051   30FF           00133     movlw 0xff
0052   1905           00134     btfsc PORTA, 2
0053   3001           00135     movlw 0x01
0054   00A5           00136     movwf 0x25
0055   2???           00137     goto lp1
MPASM 5.87                        DWUFAZ.ASM   11-13-2021  19:13:30         PAGE  4


LOC  OBJECT CODE     LINE SOURCE TEXT
  VALUE

0056                  00138 powrot
0056   0008           00139     return
0057                  00140 lp1
                      00141     
0057   1805           00142     btfsc PORTA, 0
0058   30FF           00143     movlw 0xff
0059   1885           00144     btfsc PORTA, 1
005A   3001           00145     movlw 0x01
005B   1905           00146     btfsc PORTA, 2
005C   3001           00147     movlw 0x01
005D   00A6           00148     movwf 0x26
Message[305]: Using default destination of 1 (file).
005E   03A5           00149     decf 0x25
005F   1903           00150     btfsc STATUS, Z
0060   2???           00151     goto powrot
                      00152     
0061                  00153 lp2
Message[305]: Using default destination of 1 (file).
0061   03A6           00154     decf 0x26
0062   1903           00155     btfsc STATUS, Z
0063   2???           00156     goto lp1
0064   2???           00157     goto lp2
                      00158  
0065   2???           00159     GOTO $                          ; loop forever
                      00160 
3FFB                  00161     END
MPASM 5.87                        DWUFAZ.ASM   11-13-2021  19:13:30         PAGE  5


SYMBOL TABLE
  LABEL                             VALUE 

ACKDT                             00000005
ACKEN                             00000004
ACKSTAT                           00000006
ADCON0                            0000001F
ADCON1                            0000009F
ADCS0                             00000006
ADCS1                             00000007
ADCS2                             00000006
ADDEN                             00000003
ADFM                              00000007
ADIE                              00000006
ADIF                              00000006
ADON                              00000000
ADRESH                            0000001E
ADRESL                            0000009E
BCLIE                             00000003
BCLIF                             00000003
BF                                00000000
BRGH                              00000002
C                                 00000000
C1INV                             00000004
C1OUT                             00000006
C2INV                             00000005
C2OUT                             00000007
CCP1CON                           00000017
CCP1IE                            00000002
CCP1IF                            00000002
CCP1M0                            00000000
CCP1M1                            00000001
CCP1M2                            00000002
CCP1M3                            00000003
CCP1X                             00000005
CCP1Y                             00000004
CCP2CON                           0000001D
CCP2IE                            00000000
CCP2IF                            00000000
CCP2M0                            00000000
CCP2M1                            00000001
CCP2M2                            00000002
CCP2M3                            00000003
CCP2X                             00000005
CCP2Y                             00000004
CCPR1                             00000015
CCPR1H                            00000016
CCPR1L                            00000015
CCPR2                             0000001B
CCPR2H                            0000001C
CCPR2L                            0000001B
CHS0                              00000003
CHS1                              00000004
CHS2                              00000005
CIS                               00000003
CKE                               00000006
MPASM 5.87                        DWUFAZ.ASM   11-13-2021  19:13:30         PAGE  6


SYMBOL TABLE
  LABEL                             VALUE 

CKP                               00000004
CM0                               00000000
CM1                               00000001
CM2                               00000002
CMCON                             0000009C
CMIE                              00000006
CMIF                              00000006
CREN                              00000004
CSRC                              00000007
CVR0                              00000000
CVR1                              00000001
CVR2                              00000002
CVR3                              00000003
CVRCON                            0000009D
CVREN                             00000007
CVROE                             00000006
CVRR                              00000005
D                                 00000005
DATA_ADDRESS                      00000005
DC                                00000001
D_A                               00000005
D_NOT_A                           00000005
EEADR                             0000010D
EEADRH                            0000010F
EECON1                            0000018C
EECON2                            0000018D
EEDATA                            0000010C
EEDATH                            0000010E
EEIE                              00000004
EEIF                              00000004
EEPGD                             00000007
F                                 00000001
FERR                              00000002
FSR                               00000004
GCEN                              00000007
GIE                               00000007
GO                                00000002
GO_DONE                           00000002
GO_NOT_DONE                       00000002
I2C_DATA                          00000005
I2C_READ                          00000002
I2C_START                         00000003
I2C_STOP                          00000004
IBF                               00000007
IBOV                              00000005
INDF                              00000000
INTCON                            0000000B
INTE                              00000004
INTEDG                            00000006
INTF                              00000001
IRP                               00000007
KREC_W_LEWO                       00000012
KREC_W_PRAWO                      00000027
MPASM 5.87                        DWUFAZ.ASM   11-13-2021  19:13:30         PAGE  7


SYMBOL TABLE
  LABEL                             VALUE 

NOT_A                             00000005
NOT_ADDRESS                       00000005
NOT_BO                            00000000
NOT_BOR                           00000000
NOT_DONE                          00000002
NOT_PD                            00000003
NOT_POR                           00000001
NOT_RBPU                          00000007
NOT_RC8                           00000006
NOT_T1SYNC                        00000002
NOT_TO                            00000004
NOT_TX8                           00000006
NOT_W                             00000002
NOT_WRITE                         00000002
OBF                               00000006
OERR                              00000001
OPTION_REG                        00000081
P                                 00000004
PCFG0                             00000000
PCFG1                             00000001
PCFG2                             00000002
PCFG3                             00000003
PCL                               00000002
PCLATH                            0000000A
PCON                              0000008E
PEIE                              00000006
PEN                               00000002
PETLA_GLOWNA                      0000000B
PIE1                              0000008C
PIE2                              0000008D
PIR1                              0000000C
PIR2                              0000000D
PORTA                             00000005
PORTB                             00000006
PORTC                             00000007
PORTD                             00000008
PORTE                             00000009
PR2                               00000092
PS0                               00000000
PS1                               00000001
PS2                               00000002
PSA                               00000003
PSPIE                             00000007
PSPIF                             00000007
PSPMODE                           00000004
R                                 00000002
RA0                               00000000
RA1                               00000001
RA2                               00000002
RA3                               00000003
RA4                               00000004
RA5                               00000005
RB0                               00000000
MPASM 5.87                        DWUFAZ.ASM   11-13-2021  19:13:30         PAGE  8


SYMBOL TABLE
  LABEL                             VALUE 

RB1                               00000001
RB2                               00000002
RB3                               00000003
RB4                               00000004
RB5                               00000005
RB6                               00000006
RB7                               00000007
RBIE                              00000003
RBIF                              00000000
RC0                               00000000
RC1                               00000001
RC2                               00000002
RC3                               00000003
RC4                               00000004
RC5                               00000005
RC6                               00000006
RC7                               00000007
RC8_9                             00000006
RC9                               00000006
RCD8                              00000000
RCEN                              00000003
RCIE                              00000005
RCIF                              00000005
RCREG                             0000001A
RCSTA                             00000018
RD                                00000000
RD0                               00000000
RD1                               00000001
RD2                               00000002
RD3                               00000003
RD4                               00000004
RD5                               00000005
RD6                               00000006
RD7                               00000007
RE0                               00000000
RE1                               00000001
RE2                               00000002
READ_WRITE                        00000002
RP0                               00000005
RP1                               00000006
RSEN                              00000001
RX9                               00000006
RX9D                              00000000
R_NOT_W                           00000002
R_W                               00000002
S                                 00000003
SEN                               00000000
SMP                               00000007
SPBRG                             00000099
SPEN                              00000007
SREN                              00000005
SSPADD                            00000093
SSPBUF                            00000013
MPASM 5.87                        DWUFAZ.ASM   11-13-2021  19:13:30         PAGE  9


SYMBOL TABLE
  LABEL                             VALUE 

SSPCON                            00000014
SSPCON2                           00000091
SSPEN                             00000005
SSPIE                             00000003
SSPIF                             00000003
SSPM0                             00000000
SSPM1                             00000001
SSPM2                             00000002
SSPM3                             00000003
SSPOV                             00000006
SSPSTAT                           00000094
START                             00000000
STATUS                            00000003
SYNC                              00000004
T0CS                              00000005
T0IE                              00000005
T0IF                              00000002
T0SE                              00000004
T1CKPS0                           00000004
T1CKPS1                           00000005
T1CON                             00000010
T1INSYNC                          00000002
T1OSCEN                           00000003
T1SYNC                            00000002
T2CKPS0                           00000000
T2CKPS1                           00000001
T2CON                             00000012
TMR0                              00000001
TMR0IE                            00000005
TMR0IF                            00000002
TMR1                              0000000E
TMR1CS                            00000001
TMR1H                             0000000F
TMR1IE                            00000000
TMR1IF                            00000000
TMR1L                             0000000E
TMR1ON                            00000000
TMR2                              00000011
TMR2IE                            00000001
TMR2IF                            00000001
TMR2ON                            00000002
TOUTPS0                           00000003
TOUTPS1                           00000004
TOUTPS2                           00000005
TOUTPS3                           00000006
TRISA                             00000085
TRISA0                            00000000
TRISA1                            00000001
TRISA2                            00000002
TRISA3                            00000003
TRISA4                            00000004
TRISA5                            00000005
TRISB                             00000086
MPASM 5.87                        DWUFAZ.ASM   11-13-2021  19:13:30         PAGE 10


SYMBOL TABLE
  LABEL                             VALUE 

TRISB0                            00000000
TRISB1                            00000001
TRISB2                            00000002
TRISB3                            00000003
TRISB4                            00000004
TRISB5                            00000005
TRISB6                            00000006
TRISB7                            00000007
TRISC                             00000087
TRISC0                            00000000
TRISC1                            00000001
TRISC2                            00000002
TRISC3                            00000003
TRISC4                            00000004
TRISC5                            00000005
TRISC6                            00000006
TRISC7                            00000007
TRISD                             00000088
TRISD0                            00000000
TRISD1                            00000001
TRISD2                            00000002
TRISD3                            00000003
TRISD4                            00000004
TRISD5                            00000005
TRISD6                            00000006
TRISD7                            00000007
TRISE                             00000089
TRISE0                            00000000
TRISE1                            00000001
TRISE2                            00000002
TRMT                              00000001
TX8_9                             00000006
TX9                               00000006
TX9D                              00000000
TXD8                              00000000
TXEN                              00000005
TXIE                              00000004
TXIF                              00000004
TXREG                             00000019
TXSTA                             00000098
UA                                00000001
W                                 00000000
WCOL                              00000007
WR                                00000001
WREN                              00000002
WRERR                             00000003
Z                                 00000002
ZMIANA_PREDKOSCI                  0000003C
_BODEN_OFF                        00003FBF
_BODEN_ON                         00003FFF
_BOREN_OFF                        00003FBF
_BOREN_ON                         00003FFF
_CONFIG                           00002007
MPASM 5.87                        DWUFAZ.ASM   11-13-2021  19:13:30         PAGE 11


SYMBOL TABLE
  LABEL                             VALUE 

_CPD_OFF                          00003FFF
_CPD_ON                           00003EFF
_CP_ALL                           00001FFF
_CP_OFF                           00003FFF
_CP_ON                            00001FFF
_DEBUG_OFF                        00003FFF
_DEBUG_ON                         000037FF
_DEVID1                           00002006
_FOSC_EXTRC                       00003FFF
_FOSC_HS                          00003FFE
_FOSC_LP                          00003FFC
_FOSC_XT                          00003FFD
_HS_OSC                           00003FFE
_IDLOC0                           00002000
_IDLOC1                           00002001
_IDLOC2                           00002002
_IDLOC3                           00002003
_LP_OSC                           00003FFC
_LVP_OFF                          00003F7F
_LVP_ON                           00003FFF
_MAIN_PROG_0065                   00000065
_PWRTE_OFF                        00003FFF
_PWRTE_ON                         00003FF7
_RC_OSC                           00003FFF
_WDTE_OFF                         00003FFB
_WDTE_ON                          00003FFF
_WDT_OFF                          00003FFB
_WDT_ON                           00003FFF
_WRT_1FOURTH                      00003BFF
_WRT_256                          00003DFF
_WRT_HALF                         000039FF
_WRT_OFF                          00003FFF
_XT_OSC                           00003FFD
__16F877A                         00000001
lp1                               00000057
lp2                               00000061
powrot                            00000056
przerywnik                        0000004E
zmiana_1                          00000042
zmiana_2                          00000046
zmiana_3                          0000004A

Errors   :     0
Warnings :     7 reported,     0 suppressed
Messages :     7 reported,     0 suppressed

