MPASM 5.87              NEWPIC_8B_SIMPLE.ASM   10-16-2021  13:17:55         PAGE  1


LOC  OBJECT CODE     LINE SOURCE TEXT
  VALUE

                      00001 ; TODO INSERT CONFIG CODE HERE USING CONFIG BITS GENERATOR
                      00002 #include "p16f877a.inc"
                      00001         LIST
                      00002 
                      00003 ;==========================================================================
                      00004 ; Build date : Jan 06 2020
                      00005 ;  MPASM PIC16F877A processor include
                      00006 ; 
                      00007 ;  (c) Copyright 1999-2020 Microchip Technology, All rights reserved
                      00008 ;==========================================================================
                      00009 
                      00567         LIST
                      00003 
                      00004 ; CONFIG
                      00005 ; __config 0x3FFB
2007   3FFB           00006  __CONFIG _FOSC_EXTRC & _WDTE_OFF & _PWRTE_OFF & _BOREN_ON & _LVP_ON & _CPD_OFF & _WRT_OFF & _CP_OFF
                      00007 RES_VECT  CODE    0x0000            ; processor reset vector
0000   2???           00008     GOTO    START                   ; go to beginning of program
                      00009 
                      00010 ; TODO ADD INTERRUPTS HERE IF USED
                      00011 
                      00012 MAIN_PROG CODE                      ; let linker place main program
                      00013 
0000                  00014 START
0000   1303           00015     bcf STATUS, RP1
0001   1683           00016     bsf STATUS, RP0
Message[302]: Register in operand not in bank 0.  Ensure that bank bits are correct.
0002   0186           00017     clrf TRISB
0003   30FF           00018     movlw 0xff
Message[302]: Register in operand not in bank 0.  Ensure that bank bits are correct.
0004   0087           00019     movwf TRISC 
0005   1283           00020     bcf STATUS, RP0
0006   1303           00021     bcf STATUS, RP1
0007   01A0           00022     clrf 0x20
                      00023     
0008                  00024 PETLAGOWNA
0008   1807           00025     btfsc PORTC, 0
0009   2???           00026     goto USTAWW1
000A   1887           00027     btfsc PORTC, 1
000B   2???           00028     goto USTAWW2
000C   1907           00029     btfsc PORTC, 2
000D   2???           00030     goto USTAWW3
000E   1987           00031     btfsc PORTC, 3
000F   2???           00032     goto USTAWW4
0010   1A07           00033     btfsc PORTC, 4
0011   2???           00034     goto USTAWW5
0012   1A87           00035     btfsc PORTC, 5
0013   2???           00036     goto USTAWW6
0014   1B07           00037     btfsc PORTC, 6
0015   2???           00038     goto USTAWW7
0016   1B87           00039     btfsc PORTC, 7
0017   2???           00040     goto USTAWW8
0018                  00041 POWROT
MPASM 5.87              NEWPIC_8B_SIMPLE.ASM   10-16-2021  13:17:55         PAGE  2


LOC  OBJECT CODE     LINE SOURCE TEXT
  VALUE

0018   1820           00042     btfsc 0x20, 0
0019   2???           00043     goto WZOR1
001A   18A0           00044     btfsc 0x20, 1
001B   2???           00045     goto WZOR2
001C   1920           00046     btfsc 0x20, 2
001D   2???           00047     goto WZOR3
001E   19A0           00048     btfsc 0x20, 3
001F   2???           00049     goto WZOR4
0020   1A20           00050     btfsc 0x20, 4
0021   2???           00051     goto WZOR5
0022   1AA0           00052     btfsc 0x20, 5
0023   2???           00053     goto WZOR6
0024   1B20           00054     btfsc 0x20, 6
0025   2???           00055     goto WZOR7
0026   1BA0           00056     btfsc 0x20, 7
0027   2???           00057     goto WZOR8
0028   2???           00058     goto PETLAGOWNA
                      00059         
0029                  00060 WZOR1
0029                  00061 POWROTWZOR1
0029   0825           00062     movf 0x25, W
002A   0086           00063     movwf PORTB
Message[305]: Using default destination of 1 (file).
002B   0DA5           00064     RLF 0x25
Message[305]: Using default destination of 1 (file).
002C   03A4           00065     decf 0x24
002D   1903           00066     btfsc STATUS, Z
002E   2???           00067     goto PRZESKOKWZOR1
002F                  00068 POWROTWZOR1_2
002F   2???           00069     goto PRZERWAWZOR1
                      00070 
0030                  00071 WZOR2
0030                  00072 LOOPWZOR2
0030   0824           00073     movf 0x24, W
0031   0086           00074     movwf PORTB
0032   2???           00075     goto PRZERWAWZOR2_1
0033                  00076 POWROTWZOR2_1
Message[305]: Using default destination of 1 (file).
0033   0DA5           00077     RlF 0x25
0034   0825           00078     movf 0x25, W
0035   0086           00079     movwf PORTB
Message[305]: Using default destination of 1 (file).
0036   03A3           00080     decf 0x23
0037   1903           00081     btfsc STATUS, Z
0038   2???           00082     goto PRZESKOKWZOR2
0039                  00083 POWROTWZOR2PRZESKOK
0039   2???           00084     goto PRZERWAWZOR2_2
                      00085 
                      00086     
003A                  00087 WZOR3
003A   0825           00088     movf 0x25, W
003B   0086           00089     movwf PORTB
Message[305]: Using default destination of 1 (file).
MPASM 5.87              NEWPIC_8B_SIMPLE.ASM   10-16-2021  13:17:55         PAGE  3


LOC  OBJECT CODE     LINE SOURCE TEXT
  VALUE

003C   0DA5           00090     rlf 0x25
Message[305]: Using default destination of 1 (file).
003D   0DA5           00091     rlf 0x25
Message[305]: Using default destination of 1 (file).
003E   03A3           00092     decf 0x23
003F   1903           00093     btfsc STATUS, Z
0040   2???           00094     goto PRZESKOKWZOR3
0041                  00095 POWROTWZOR3PRZESKOK
0041   2???           00096     goto PRZERWAWZOR3
                      00097 
                      00098     
0042                  00099 WZOR4
0042                  00100 LOOPWZOR4
0042   0824           00101     movf 0x24, W
0043   0425           00102     iorwf 0x25, 0
0044   0086           00103     movwf PORTB
0045   2???           00104     goto PRZERWAWZOR4
0046                  00105 POWROTWZOR4
0046   0DA4           00106     rlf 0x24,1
Message[305]: Using default destination of 1 (file).
0047   03A2           00107     decf 0x22
0048   1903           00108     btfsc STATUS, Z
0049   2???           00109     goto PRZESKOKWZOR4_1
004A                  00110 POWROTWZOR4PRZESKOK_1
004A   0DA5           00111     rlf 0x25,1
Message[305]: Using default destination of 1 (file).
004B   03A3           00112     decf 0x23
004C   1903           00113     btfsc STATUS, Z
004D   2???           00114     goto PRZESKOKWZOR4_2
004E                  00115 POWROTWZOR4PRZESKOK_2
004E   2???           00116     goto PETLAGOWNA
                      00117 
004F                  00118 WZOR5
004F                  00119 POWROTWZOR5
004F   0825           00120     movf 0x25, W
0050   0086           00121     movwf PORTB
Message[305]: Using default destination of 1 (file).
0051   0CA5           00122     RrF 0x25
Message[305]: Using default destination of 1 (file).
0052   03A4           00123     decf 0x24
0053   1903           00124     btfsc STATUS, Z
0054   2???           00125     goto PRZESKOKWZOR5
0055                  00126 POWROTWZOR5_2
0055   2???           00127     goto PRZERWAWZOR5
                      00128    
0056                  00129 WZOR6
0056                  00130 LOOPWZOR6
0056   0824           00131     movf 0x24, W
0057   0086           00132     movwf PORTB
0058   2???           00133     goto PRZERWAWZOR6_1
0059                  00134 POWROTWZOR6_1
0059   0825           00135     movf 0x25, W
005A   0086           00136     movwf PORTB
MPASM 5.87              NEWPIC_8B_SIMPLE.ASM   10-16-2021  13:17:55         PAGE  4


LOC  OBJECT CODE     LINE SOURCE TEXT
  VALUE

Message[305]: Using default destination of 1 (file).
005B   0CA5           00137     RRF 0x25
Message[305]: Using default destination of 1 (file).
005C   03A3           00138     decf 0x23
005D   1903           00139     btfsc STATUS, Z
005E   2???           00140     goto PRZESKOKWZOR6
005F                  00141 POWROTWZOR6PRZESKOK
005F   2???           00142     goto PRZERWAWZOR6_2
                      00143     
0060                  00144 WZOR7
0060   0825           00145     movf 0x25, W
0061   0086           00146     movwf PORTB
Message[305]: Using default destination of 1 (file).
0062   0CA5           00147     rrf 0x25
Message[305]: Using default destination of 1 (file).
0063   0CA5           00148     rrf 0x25
Message[305]: Using default destination of 1 (file).
0064   03A3           00149     decf 0x23
0065   1903           00150     btfsc STATUS, Z
0066   2???           00151     goto PRZESKOKWZOR7
0067                  00152 POWROTWZOR7PRZESKOK
0067   2???           00153     goto PRZERWAWZOR7
                      00154     
0068                  00155 WZOR8
0068                  00156 LOOPWZOR8
0068   0824           00157     movf 0x24, W
0069   0425           00158     iorwf 0x25, 0
006A   0086           00159     movwf PORTB
006B   2???           00160     goto PRZERWAWZOR8
006C                  00161 POWROTWZOR8
006C   0CA4           00162     rrf 0x24,1
Message[305]: Using default destination of 1 (file).
006D   03A2           00163     decf 0x22
006E   1903           00164     btfsc STATUS, Z
006F   2???           00165     goto PRZESKOKWZOR8_1
0070                  00166 POWROTWZOR8PRZESKOK_1
0070   0CA5           00167     rrf 0x25,1
Message[305]: Using default destination of 1 (file).
0071   03A3           00168     decf 0x23
0072   1903           00169     btfsc STATUS, Z
0073   2???           00170     goto PRZESKOKWZOR8_2
0074                  00171 POWROTWZOR8PRZESKOK_2
0074   2???           00172     goto PETLAGOWNA
                      00173 
                      00174     
0075                  00175 PRZERWAWZOR1
0075   30FF           00176     MOVLW 0xff
0076   00A7           00177     MOVWF 0x27
Message[305]: Using default destination of 1 (file).
0077   03A6           00178     DECF 0x26
0078   1903           00179     BTFSC STATUS, Z
0079   2???           00180     GOTO PETLAGOWNA
                      00181 
MPASM 5.87              NEWPIC_8B_SIMPLE.ASM   10-16-2021  13:17:55         PAGE  5


LOC  OBJECT CODE     LINE SOURCE TEXT
  VALUE

007A                  00182 PRZERWAPRZERWA1
Message[305]: Using default destination of 1 (file).
007A   03A7           00183     DECF 0x27
007B   1903           00184     BTFSC STATUS, Z
007C   2???           00185     GOTO PRZERWAWZOR1
007D   2???           00186     GOTO PRZERWAPRZERWA1
                      00187 
007E                  00188 PRZERWAWZOR2_1
007E   30FF           00189     MOVLW 0xff
007F   00A7           00190     MOVWF 0x27
Message[305]: Using default destination of 1 (file).
0080   03A6           00191     DECF 0x26
0081   1903           00192     BTFSC STATUS, Z
0082   2???           00193     GOTO POWROTWZOR2_1
                      00194 
0083                  00195 PRZERWAPRZERWA2_1
Message[305]: Using default destination of 1 (file).
0083   03A7           00196     DECF 0x27
0084   1903           00197     BTFSC STATUS, Z
0085   2???           00198     GOTO PRZERWAWZOR2_1
0086   2???           00199     GOTO PRZERWAPRZERWA2_1
                      00200     
0087                  00201 PRZERWAWZOR2_2
0087   30FF           00202     MOVLW 0xff
0088   00A7           00203     MOVWF 0x27
Message[305]: Using default destination of 1 (file).
0089   03A6           00204     DECF 0x26
008A   1903           00205     BTFSC STATUS, Z
008B   2???           00206     GOTO PETLAGOWNA
                      00207 
008C                  00208 PRZERWAPRZERWA2_2
Message[305]: Using default destination of 1 (file).
008C   03A7           00209     DECF 0x27
008D   1903           00210     BTFSC STATUS, Z
008E   2???           00211     GOTO PRZERWAWZOR2_2
008F   2???           00212     GOTO PRZERWAPRZERWA2_2
                      00213     
0090                  00214 PRZERWAWZOR3
0090   30FF           00215     MOVLW 0xff
0091   00A7           00216     MOVWF 0x27
Message[305]: Using default destination of 1 (file).
0092   03A6           00217     DECF 0x26
0093   1903           00218     BTFSC STATUS, Z
0094   2???           00219     GOTO PETLAGOWNA
                      00220 
0095                  00221 PRZERWAPRZERWA3
Message[305]: Using default destination of 1 (file).
0095   03A7           00222     DECF 0x27
0096   1903           00223     BTFSC STATUS, Z
0097   2???           00224     GOTO PRZERWAWZOR3
0098   2???           00225     GOTO PRZERWAPRZERWA3    
                      00226     
0099                  00227 PRZERWAWZOR4
MPASM 5.87              NEWPIC_8B_SIMPLE.ASM   10-16-2021  13:17:55         PAGE  6


LOC  OBJECT CODE     LINE SOURCE TEXT
  VALUE

0099   30FF           00228     MOVLW 0xff
009A   00A7           00229     MOVWF 0x27
Message[305]: Using default destination of 1 (file).
009B   03A6           00230     DECF 0x26
009C   1903           00231     BTFSC STATUS, Z
009D   2???           00232     GOTO POWROTWZOR4
                      00233 
009E                  00234 PRZERWAPRZERWA4
Message[305]: Using default destination of 1 (file).
009E   03A7           00235     DECF 0x27
009F   1903           00236     BTFSC STATUS, Z
00A0   2???           00237     GOTO PRZERWAWZOR4
00A1   2???           00238     GOTO PRZERWAPRZERWA4    
                      00239 
                      00240     
00A2                  00241 PRZERWAWZOR5
00A2   30FF           00242     MOVLW 0xff
00A3   00A7           00243     MOVWF 0x27
Message[305]: Using default destination of 1 (file).
00A4   03A6           00244     DECF 0x26
00A5   1903           00245     BTFSC STATUS, Z
00A6   2???           00246     GOTO PETLAGOWNA
                      00247 
00A7                  00248 PRZERWAPRZERWA5
Message[305]: Using default destination of 1 (file).
00A7   03A7           00249     DECF 0x27
00A8   1903           00250     BTFSC STATUS, Z
00A9   2???           00251     GOTO PRZERWAWZOR5
00AA   2???           00252     GOTO PRZERWAPRZERWA5    
                      00253 
                      00254     
00AB                  00255 PRZERWAWZOR6_1
00AB   30FF           00256     MOVLW 0xff
00AC   00A7           00257     MOVWF 0x27
Message[305]: Using default destination of 1 (file).
00AD   03A6           00258     DECF 0x26
00AE   1903           00259     BTFSC STATUS, Z
00AF   2???           00260     GOTO POWROTWZOR6_1
                      00261 
00B0                  00262 PRZERWAPRZERWA6_1
Message[305]: Using default destination of 1 (file).
00B0   03A7           00263     DECF 0x27
00B1   1903           00264     BTFSC STATUS, Z
00B2   2???           00265     GOTO PRZERWAWZOR6_1
00B3   2???           00266     GOTO PRZERWAPRZERWA6_1    
                      00267 
                      00268     
00B4                  00269 PRZERWAWZOR6_2
00B4   30FF           00270     MOVLW 0xff
00B5   00A7           00271     MOVWF 0x27
Message[305]: Using default destination of 1 (file).
00B6   03A6           00272     DECF 0x26
00B7   1903           00273     BTFSC STATUS, Z
MPASM 5.87              NEWPIC_8B_SIMPLE.ASM   10-16-2021  13:17:55         PAGE  7


LOC  OBJECT CODE     LINE SOURCE TEXT
  VALUE

00B8   2???           00274     GOTO PETLAGOWNA
                      00275 
00B9                  00276 PRZERWAPRZERWA6_2
Message[305]: Using default destination of 1 (file).
00B9   03A7           00277     DECF 0x27
00BA   1903           00278     BTFSC STATUS, Z
00BB   2???           00279     GOTO PRZERWAWZOR6_2
00BC   2???           00280     GOTO PRZERWAPRZERWA6_2    
                      00281 
                      00282     
00BD                  00283 PRZERWAWZOR7
00BD   30FF           00284     MOVLW 0xff
00BE   00A7           00285     MOVWF 0x27
Message[305]: Using default destination of 1 (file).
00BF   03A6           00286     DECF 0x26
00C0   1903           00287     BTFSC STATUS, Z
00C1   2???           00288     GOTO PETLAGOWNA
                      00289 
00C2                  00290 PRZERWAPRZERWA7
Message[305]: Using default destination of 1 (file).
00C2   03A7           00291     DECF 0x27
00C3   1903           00292     BTFSC STATUS, Z
00C4   2???           00293     GOTO PRZERWAWZOR7
00C5   2???           00294     GOTO PRZERWAPRZERWA7    
                      00295 
                      00296    
00C6                  00297 PRZERWAWZOR8
00C6   30FF           00298     MOVLW 0xff
00C7   00A7           00299     MOVWF 0x27
Message[305]: Using default destination of 1 (file).
00C8   03A6           00300     DECF 0x26
00C9   1903           00301     BTFSC STATUS, Z
00CA   2???           00302     GOTO POWROTWZOR8
                      00303 
00CB                  00304 PRZERWAPRZERWA8
Message[305]: Using default destination of 1 (file).
00CB   03A7           00305     DECF 0x27
00CC   1903           00306     BTFSC STATUS, Z
00CD   2???           00307     GOTO PRZERWAWZOR8
00CE   2???           00308     GOTO PRZERWAPRZERWA8    
                      00309  
00CF                  00310 USTAWW1
00CF   01A0           00311     clrf 0x20
00D0   1420           00312     bsf 0x20, 0
00D1   3001           00313     movlw 0x01
00D2   00A5           00314     movwf 0x25
00D3   3008           00315     movlw 0x08
00D4   00A4           00316     movwf 0x24
00D5   2???           00317     goto POWROT
00D6                  00318 USTAWW2
00D6   01A0           00319     clrf 0x20
00D7   14A0           00320     bsf 0x20, 1
00D8   3001           00321     movlw 0x01
MPASM 5.87              NEWPIC_8B_SIMPLE.ASM   10-16-2021  13:17:55         PAGE  8


LOC  OBJECT CODE     LINE SOURCE TEXT
  VALUE

00D9   00A5           00322     movwf 0x25
00DA   3001           00323     movlw 0x01
00DB   00A4           00324     movwf 0x24
00DC   3007           00325     movlw 0x07
00DD   00A3           00326     movwf 0x23
00DE   2???           00327     goto POWROT
00DF                  00328 USTAWW3
00DF   01A0           00329     clrf 0x20
00E0   1520           00330     bsf 0x20, 2
00E1   3001           00331     movlw 0x01
00E2   00A5           00332     movwf 0x25
00E3   3004           00333     movlw 0x04
00E4   00A3           00334     movwf 0x23
00E5   2???           00335     goto POWROT
00E6                  00336 USTAWW4
00E6   01A0           00337     clrf 0x20
00E7   15A0           00338     bsf 0x20, 3
00E8   3001           00339     movlw 0x01
00E9   00A4           00340     movwf 0x24
00EA   3002           00341     movlw 0x02
00EB   00A5           00342     movwf 0x25
00EC   3008           00343     movlw 0x08
00ED   00A2           00344     movwf 0x22
00EE   3007           00345     movlw 0x07
00EF   00A3           00346     movwf 0x23
00F0   2???           00347     goto POWROT
00F1                  00348 USTAWW5
00F1   01A0           00349     clrf 0x20
00F2   1620           00350     bsf 0x20, 4
00F3   3080           00351     movlw 0x80
00F4   00A5           00352     movwf 0x25
00F5   3008           00353     movlw 0x08
00F6   00A4           00354     movwf 0x24
00F7   2???           00355     goto POWROT
00F8                  00356 USTAWW6
00F8   01A0           00357     clrf 0x20
00F9   16A0           00358     bsf 0x20, 5
00FA   3080           00359     movlw 0x80
00FB   00A5           00360     movwf 0x25
00FC   3001           00361     movlw 0x01
00FD   00A4           00362     movwf 0x24
00FE   3007           00363     movlw 0x07
00FF   00A3           00364     movwf 0x23
0100   2???           00365     goto POWROT
0101                  00366 USTAWW7
0101   01A0           00367     clrf 0x20
0102   1720           00368     bsf 0x20, 6
0103   3080           00369     movlw 0x80
0104   00A5           00370     movwf 0x25
0105   3004           00371     movlw 0x04
0106   00A3           00372     movwf 0x23
0107   2???           00373     goto POWROT
0108                  00374 USTAWW8
MPASM 5.87              NEWPIC_8B_SIMPLE.ASM   10-16-2021  13:17:55         PAGE  9


LOC  OBJECT CODE     LINE SOURCE TEXT
  VALUE

0108   01A0           00375     clrf 0x20
0109   17A0           00376     bsf 0x20, 7
010A   3080           00377     movlw 0x80
010B   00A4           00378     movwf 0x24
010C   3040           00379     movlw 0x40
010D   00A5           00380     movwf 0x25
010E   3008           00381     movlw 0x08
010F   00A2           00382     movwf 0x22
0110   3007           00383     movlw 0x07
0111   00A3           00384     movwf 0x23
0112   2???           00385     goto POWROT
                      00386     
0113                  00387 PRZESKOKWZOR1
Message[305]: Using default destination of 1 (file).
0113   0DA5           00388     rlf 0x25
0114   3008           00389     movlw 0x08
0115   00A4           00390     movwf 0x24
0116   2???           00391     goto POWROTWZOR1_2
                      00392 
0117                  00393 PRZESKOKWZOR2
Message[305]: Using default destination of 1 (file).
0117   0DA5           00394     rlf 0x25
Message[305]: Using default destination of 1 (file).
0118   0DA5           00395     rlf 0x25
0119   3007           00396     movlw 0x07
011A   00A3           00397     movwf 0x23
011B   2???           00398     goto POWROTWZOR2PRZESKOK
                      00399     
                      00400 
011C                  00401 PRZESKOKWZOR3
Message[305]: Using default destination of 1 (file).
011C   0DA5           00402     rlf 0x25
Message[305]: Using default destination of 1 (file).
011D   0DA5           00403     rlf 0x25
011E   3008           00404     movlw 0x08
011F   00A3           00405     movwf 0x23
0120   2???           00406     goto POWROTWZOR3PRZESKOK
                      00407     
0121                  00408 PRZESKOKWZOR4_1
Message[305]: Using default destination of 1 (file).
0121   0DA4           00409     rlf 0x24
0122   3008           00410     movlw 0x08
0123   00A2           00411     movwf 0x22
0124   2???           00412     goto POWROTWZOR4PRZESKOK_1
                      00413 
0125                  00414 PRZESKOKWZOR4_2
Message[305]: Using default destination of 1 (file).
0125   0DA5           00415     rlf 0x25
0126   3008           00416     movlw 0x08
0127   00A3           00417     movwf 0x23
0128   2???           00418     goto POWROTWZOR4PRZESKOK_2
                      00419 
0129                  00420 PRZESKOKWZOR5
MPASM 5.87              NEWPIC_8B_SIMPLE.ASM   10-16-2021  13:17:55         PAGE 10


LOC  OBJECT CODE     LINE SOURCE TEXT
  VALUE

Message[305]: Using default destination of 1 (file).
0129   0CA5           00421     rrf 0x25
012A   3008           00422     movlw 0x08
012B   00A4           00423     movwf 0x24
012C   2???           00424     goto POWROTWZOR5_2
                      00425     
012D                  00426 PRZESKOKWZOR6
Message[305]: Using default destination of 1 (file).
012D   0CA5           00427     rrf 0x25
Message[305]: Using default destination of 1 (file).
012E   0CA5           00428     rrf 0x25
012F   3007           00429     movlw 0x07
0130   00A3           00430     movwf 0x23
0131   2???           00431     goto POWROTWZOR6PRZESKOK
                      00432     
0132                  00433 PRZESKOKWZOR7
Message[305]: Using default destination of 1 (file).
0132   0CA5           00434     rrf 0x25
Message[305]: Using default destination of 1 (file).
0133   0CA5           00435     rrf 0x25
0134   3008           00436     movlw 0x08
0135   00A3           00437     movwf 0x23
0136   2???           00438     goto POWROTWZOR7PRZESKOK
                      00439     
                      00440     
0137                  00441 PRZESKOKWZOR8_1
Message[305]: Using default destination of 1 (file).
0137   0CA4           00442     rrf 0x24
0138   3008           00443     movlw 0x08
0139   00A2           00444     movwf 0x22
013A   2???           00445     goto POWROTWZOR8PRZESKOK_1
                      00446 
013B                  00447 PRZESKOKWZOR8_2
Message[305]: Using default destination of 1 (file).
013B   0CA5           00448     rrf 0x25
013C   3008           00449     movlw 0x08
013D   00A3           00450     movwf 0x23
013E   2???           00451     goto POWROTWZOR8PRZESKOK_2
                      00452 
                      00453     
013F   2???           00454     GOTO $                          ; loop forever
3FFB                  00455     END
MPASM 5.87              NEWPIC_8B_SIMPLE.ASM   10-16-2021  13:17:55         PAGE 11


SYMBOL TABLE
  LABEL                             VALUE 

ACKDT                             00000005
ACKEN                             00000004
ACKSTAT                           00000006
ADCON0                            0000001F
ADCON1                            0000009F
ADCS0                             00000006
ADCS1                             00000007
ADCS2                             00000006
ADDEN                             00000003
ADFM                              00000007
ADIE                              00000006
ADIF                              00000006
ADON                              00000000
ADRESH                            0000001E
ADRESL                            0000009E
BCLIE                             00000003
BCLIF                             00000003
BF                                00000000
BRGH                              00000002
C                                 00000000
C1INV                             00000004
C1OUT                             00000006
C2INV                             00000005
C2OUT                             00000007
CCP1CON                           00000017
CCP1IE                            00000002
CCP1IF                            00000002
CCP1M0                            00000000
CCP1M1                            00000001
CCP1M2                            00000002
CCP1M3                            00000003
CCP1X                             00000005
CCP1Y                             00000004
CCP2CON                           0000001D
CCP2IE                            00000000
CCP2IF                            00000000
CCP2M0                            00000000
CCP2M1                            00000001
CCP2M2                            00000002
CCP2M3                            00000003
CCP2X                             00000005
CCP2Y                             00000004
CCPR1                             00000015
CCPR1H                            00000016
CCPR1L                            00000015
CCPR2                             0000001B
CCPR2H                            0000001C
CCPR2L                            0000001B
CHS0                              00000003
CHS1                              00000004
CHS2                              00000005
CIS                               00000003
CKE                               00000006
MPASM 5.87              NEWPIC_8B_SIMPLE.ASM   10-16-2021  13:17:55         PAGE 12


SYMBOL TABLE
  LABEL                             VALUE 

CKP                               00000004
CM0                               00000000
CM1                               00000001
CM2                               00000002
CMCON                             0000009C
CMIE                              00000006
CMIF                              00000006
CREN                              00000004
CSRC                              00000007
CVR0                              00000000
CVR1                              00000001
CVR2                              00000002
CVR3                              00000003
CVRCON                            0000009D
CVREN                             00000007
CVROE                             00000006
CVRR                              00000005
D                                 00000005
DATA_ADDRESS                      00000005
DC                                00000001
D_A                               00000005
D_NOT_A                           00000005
EEADR                             0000010D
EEADRH                            0000010F
EECON1                            0000018C
EECON2                            0000018D
EEDATA                            0000010C
EEDATH                            0000010E
EEIE                              00000004
EEIF                              00000004
EEPGD                             00000007
F                                 00000001
FERR                              00000002
FSR                               00000004
GCEN                              00000007
GIE                               00000007
GO                                00000002
GO_DONE                           00000002
GO_NOT_DONE                       00000002
I2C_DATA                          00000005
I2C_READ                          00000002
I2C_START                         00000003
I2C_STOP                          00000004
IBF                               00000007
IBOV                              00000005
INDF                              00000000
INTCON                            0000000B
INTE                              00000004
INTEDG                            00000006
INTF                              00000001
IRP                               00000007
LOOPWZOR2                         00000030
LOOPWZOR4                         00000042
MPASM 5.87              NEWPIC_8B_SIMPLE.ASM   10-16-2021  13:17:55         PAGE 13


SYMBOL TABLE
  LABEL                             VALUE 

LOOPWZOR6                         00000056
LOOPWZOR8                         00000068
NOT_A                             00000005
NOT_ADDRESS                       00000005
NOT_BO                            00000000
NOT_BOR                           00000000
NOT_DONE                          00000002
NOT_PD                            00000003
NOT_POR                           00000001
NOT_RBPU                          00000007
NOT_RC8                           00000006
NOT_T1SYNC                        00000002
NOT_TO                            00000004
NOT_TX8                           00000006
NOT_W                             00000002
NOT_WRITE                         00000002
OBF                               00000006
OERR                              00000001
OPTION_REG                        00000081
P                                 00000004
PCFG0                             00000000
PCFG1                             00000001
PCFG2                             00000002
PCFG3                             00000003
PCL                               00000002
PCLATH                            0000000A
PCON                              0000008E
PEIE                              00000006
PEN                               00000002
PETLAGOWNA                        00000008
PIE1                              0000008C
PIE2                              0000008D
PIR1                              0000000C
PIR2                              0000000D
PORTA                             00000005
PORTB                             00000006
PORTC                             00000007
PORTD                             00000008
PORTE                             00000009
POWROT                            00000018
POWROTWZOR1                       00000029
POWROTWZOR1_2                     0000002F
POWROTWZOR2PRZESKOK               00000039
POWROTWZOR2_1                     00000033
POWROTWZOR3PRZESKOK               00000041
POWROTWZOR4                       00000046
POWROTWZOR4PRZESKOK_1             0000004A
POWROTWZOR4PRZESKOK_2             0000004E
POWROTWZOR5                       0000004F
POWROTWZOR5_2                     00000055
POWROTWZOR6PRZESKOK               0000005F
POWROTWZOR6_1                     00000059
POWROTWZOR7PRZESKOK               00000067
MPASM 5.87              NEWPIC_8B_SIMPLE.ASM   10-16-2021  13:17:55         PAGE 14


SYMBOL TABLE
  LABEL                             VALUE 

POWROTWZOR8                       0000006C
POWROTWZOR8PRZESKOK_1             00000070
POWROTWZOR8PRZESKOK_2             00000074
PR2                               00000092
PRZERWAPRZERWA1                   0000007A
PRZERWAPRZERWA2_1                 00000083
PRZERWAPRZERWA2_2                 0000008C
PRZERWAPRZERWA3                   00000095
PRZERWAPRZERWA4                   0000009E
PRZERWAPRZERWA5                   000000A7
PRZERWAPRZERWA6_1                 000000B0
PRZERWAPRZERWA6_2                 000000B9
PRZERWAPRZERWA7                   000000C2
PRZERWAPRZERWA8                   000000CB
PRZERWAWZOR1                      00000075
PRZERWAWZOR2_1                    0000007E
PRZERWAWZOR2_2                    00000087
PRZERWAWZOR3                      00000090
PRZERWAWZOR4                      00000099
PRZERWAWZOR5                      000000A2
PRZERWAWZOR6_1                    000000AB
PRZERWAWZOR6_2                    000000B4
PRZERWAWZOR7                      000000BD
PRZERWAWZOR8                      000000C6
PRZESKOKWZOR1                     00000113
PRZESKOKWZOR2                     00000117
PRZESKOKWZOR3                     0000011C
PRZESKOKWZOR4_1                   00000121
PRZESKOKWZOR4_2                   00000125
PRZESKOKWZOR5                     00000129
PRZESKOKWZOR6                     0000012D
PRZESKOKWZOR7                     00000132
PRZESKOKWZOR8_1                   00000137
PRZESKOKWZOR8_2                   0000013B
PS0                               00000000
PS1                               00000001
PS2                               00000002
PSA                               00000003
PSPIE                             00000007
PSPIF                             00000007
PSPMODE                           00000004
R                                 00000002
RA0                               00000000
RA1                               00000001
RA2                               00000002
RA3                               00000003
RA4                               00000004
RA5                               00000005
RB0                               00000000
RB1                               00000001
RB2                               00000002
RB3                               00000003
RB4                               00000004
MPASM 5.87              NEWPIC_8B_SIMPLE.ASM   10-16-2021  13:17:55         PAGE 15


SYMBOL TABLE
  LABEL                             VALUE 

RB5                               00000005
RB6                               00000006
RB7                               00000007
RBIE                              00000003
RBIF                              00000000
RC0                               00000000
RC1                               00000001
RC2                               00000002
RC3                               00000003
RC4                               00000004
RC5                               00000005
RC6                               00000006
RC7                               00000007
RC8_9                             00000006
RC9                               00000006
RCD8                              00000000
RCEN                              00000003
RCIE                              00000005
RCIF                              00000005
RCREG                             0000001A
RCSTA                             00000018
RD                                00000000
RD0                               00000000
RD1                               00000001
RD2                               00000002
RD3                               00000003
RD4                               00000004
RD5                               00000005
RD6                               00000006
RD7                               00000007
RE0                               00000000
RE1                               00000001
RE2                               00000002
READ_WRITE                        00000002
RP0                               00000005
RP1                               00000006
RSEN                              00000001
RX9                               00000006
RX9D                              00000000
R_NOT_W                           00000002
R_W                               00000002
S                                 00000003
SEN                               00000000
SMP                               00000007
SPBRG                             00000099
SPEN                              00000007
SREN                              00000005
SSPADD                            00000093
SSPBUF                            00000013
SSPCON                            00000014
SSPCON2                           00000091
SSPEN                             00000005
SSPIE                             00000003
MPASM 5.87              NEWPIC_8B_SIMPLE.ASM   10-16-2021  13:17:55         PAGE 16


SYMBOL TABLE
  LABEL                             VALUE 

SSPIF                             00000003
SSPM0                             00000000
SSPM1                             00000001
SSPM2                             00000002
SSPM3                             00000003
SSPOV                             00000006
SSPSTAT                           00000094
START                             00000000
STATUS                            00000003
SYNC                              00000004
T0CS                              00000005
T0IE                              00000005
T0IF                              00000002
T0SE                              00000004
T1CKPS0                           00000004
T1CKPS1                           00000005
T1CON                             00000010
T1INSYNC                          00000002
T1OSCEN                           00000003
T1SYNC                            00000002
T2CKPS0                           00000000
T2CKPS1                           00000001
T2CON                             00000012
TMR0                              00000001
TMR0IE                            00000005
TMR0IF                            00000002
TMR1                              0000000E
TMR1CS                            00000001
TMR1H                             0000000F
TMR1IE                            00000000
TMR1IF                            00000000
TMR1L                             0000000E
TMR1ON                            00000000
TMR2                              00000011
TMR2IE                            00000001
TMR2IF                            00000001
TMR2ON                            00000002
TOUTPS0                           00000003
TOUTPS1                           00000004
TOUTPS2                           00000005
TOUTPS3                           00000006
TRISA                             00000085
TRISA0                            00000000
TRISA1                            00000001
TRISA2                            00000002
TRISA3                            00000003
TRISA4                            00000004
TRISA5                            00000005
TRISB                             00000086
TRISB0                            00000000
TRISB1                            00000001
TRISB2                            00000002
TRISB3                            00000003
MPASM 5.87              NEWPIC_8B_SIMPLE.ASM   10-16-2021  13:17:55         PAGE 17


SYMBOL TABLE
  LABEL                             VALUE 

TRISB4                            00000004
TRISB5                            00000005
TRISB6                            00000006
TRISB7                            00000007
TRISC                             00000087
TRISC0                            00000000
TRISC1                            00000001
TRISC2                            00000002
TRISC3                            00000003
TRISC4                            00000004
TRISC5                            00000005
TRISC6                            00000006
TRISC7                            00000007
TRISD                             00000088
TRISD0                            00000000
TRISD1                            00000001
TRISD2                            00000002
TRISD3                            00000003
TRISD4                            00000004
TRISD5                            00000005
TRISD6                            00000006
TRISD7                            00000007
TRISE                             00000089
TRISE0                            00000000
TRISE1                            00000001
TRISE2                            00000002
TRMT                              00000001
TX8_9                             00000006
TX9                               00000006
TX9D                              00000000
TXD8                              00000000
TXEN                              00000005
TXIE                              00000004
TXIF                              00000004
TXREG                             00000019
TXSTA                             00000098
UA                                00000001
USTAWW1                           000000CF
USTAWW2                           000000D6
USTAWW3                           000000DF
USTAWW4                           000000E6
USTAWW5                           000000F1
USTAWW6                           000000F8
USTAWW7                           00000101
USTAWW8                           00000108
W                                 00000000
WCOL                              00000007
WR                                00000001
WREN                              00000002
WRERR                             00000003
WZOR1                             00000029
WZOR2                             00000030
WZOR3                             0000003A
MPASM 5.87              NEWPIC_8B_SIMPLE.ASM   10-16-2021  13:17:55         PAGE 18


SYMBOL TABLE
  LABEL                             VALUE 

WZOR4                             00000042
WZOR5                             0000004F
WZOR6                             00000056
WZOR7                             00000060
WZOR8                             00000068
Z                                 00000002
_BODEN_OFF                        00003FBF
_BODEN_ON                         00003FFF
_BOREN_OFF                        00003FBF
_BOREN_ON                         00003FFF
_CONFIG                           00002007
_CPD_OFF                          00003FFF
_CPD_ON                           00003EFF
_CP_ALL                           00001FFF
_CP_OFF                           00003FFF
_CP_ON                            00001FFF
_DEBUG_OFF                        00003FFF
_DEBUG_ON                         000037FF
_DEVID1                           00002006
_FOSC_EXTRC                       00003FFF
_FOSC_HS                          00003FFE
_FOSC_LP                          00003FFC
_FOSC_XT                          00003FFD
_HS_OSC                           00003FFE
_IDLOC0                           00002000
_IDLOC1                           00002001
_IDLOC2                           00002002
_IDLOC3                           00002003
_LP_OSC                           00003FFC
_LVP_OFF                          00003F7F
_LVP_ON                           00003FFF
_MAIN_PROG_013F                   0000013F
_PWRTE_OFF                        00003FFF
_PWRTE_ON                         00003FF7
_RC_OSC                           00003FFF
_WDTE_OFF                         00003FFB
_WDTE_ON                          00003FFF
_WDT_OFF                          00003FFB
_WDT_ON                           00003FFF
_WRT_1FOURTH                      00003BFF
_WRT_256                          00003DFF
_WRT_HALF                         000039FF
_WRT_OFF                          00003FFF
_XT_OSC                           00003FFD
__16F877A                         00000001

Errors   :     0
Warnings :     0 reported,     0 suppressed
Messages :    54 reported,     0 suppressed

